<?xml version="1.0" encoding="UTF-8"?>
<testsuite xmlns:xsi="http://www.w3.org/2001/XMLSchema-instance" xsi:noNamespaceSchemaLocation="https://maven.apache.org/surefire/maven-surefire-plugin/xsd/surefire-test-report.xsd" name="youtube.java.puzzle.springbootapivalidationsecurity.SpringBootApiValidationSecurityApplicationTests" time="0.258" tests="1" errors="1" skipped="0" failures="0">
  <properties>
[...]
</properties>
  <testcase name="youtube.java.puzzle.springbootapivalidationsecurity.SpringBootApiValidationSecurityApplicationTests" classname="youtube.java.puzzle.springbootapivalidationsecurity.SpringBootApiValidationSecurityApplicationTests" time="0.257">
    <error message="Unable to find a @SpringBootConfiguration, you need to use @ContextConfiguration or @SpringBootTest(classes=...) with your test" type="java.lang.IllegalStateException">java.lang.IllegalStateException: Unable to find a @SpringBootConfiguration, you need to use @ContextConfiguration or @SpringBootTest(classes=...) with your test
</error>
    <system-out><![CDATA[02:05:05.650 [main] DEBUG org.springframework.test.context.BootstrapUtils - Instantiating CacheAwareContextLoaderDelegate from class [org.springframework.test.context.cache.DefaultCacheAwareContextLoaderDelegate]
02:05:05.666 [main] DEBUG org.springframework.test.context.BootstrapUtils - Instantiating BootstrapContext using constructor [public org.springframework.test.context.support.DefaultBootstrapContext(java.lang.Class,org.springframework.test.context.CacheAwareContextLoaderDelegate)]
02:05:05.701 [main] DEBUG org.springframework.test.context.BootstrapUtils - Instantiating TestContextBootstrapper for test class [youtube.java.puzzle.springbootapivalidationsecurity.SpringBootApiValidationSecurityApplicationTests] from class [org.springframework.boot.test.context.SpringBootTestContextBootstrapper]
02:05:05.716 [main] INFO org.springframework.boot.test.context.SpringBootTestContextBootstrapper - Neither @ContextConfiguration nor @ContextHierarchy found for test class [youtube.java.puzzle.springbootapivalidationsecurity.SpringBootApiValidationSecurityApplicationTests], using SpringBootContextLoader
02:05:05.720 [main] DEBUG org.springframework.test.context.support.AbstractContextLoader - Did not detect default resource location for test class [youtube.java.puzzle.springbootapivalidationsecurity.SpringBootApiValidationSecurityApplicationTests]: class path resource [youtube/java/puzzle/springbootapivalidationsecurity/SpringBootApiValidationSecurityApplicationTests-context.xml] does not exist
02:05:05.720 [main] DEBUG org.springframework.test.context.support.AbstractContextLoader - Did not detect default resource location for test class [youtube.java.puzzle.springbootapivalidationsecurity.SpringBootApiValidationSecurityApplicationTests]: class path resource [youtube/java/puzzle/springbootapivalidationsecurity/SpringBootApiValidationSecurityApplicationTestsContext.groovy] does not exist
02:05:05.720 [main] INFO org.springframework.test.context.support.AbstractContextLoader - Could not detect default resource locations for test class [youtube.java.puzzle.springbootapivalidationsecurity.SpringBootApiValidationSecurityApplicationTests]: no resource found for suffixes {-context.xml, Context.groovy}.
02:05:05.721 [main] INFO org.springframework.test.context.support.AnnotationConfigContextLoaderUtils - Could not detect default configuration classes for test class [youtube.java.puzzle.springbootapivalidationsecurity.SpringBootApiValidationSecurityApplicationTests]: SpringBootApiValidationSecurityApplicationTests does not declare any static, non-private, non-final, nested classes annotated with @Configuration.
02:05:05.777 [main] DEBUG org.springframework.test.context.support.ActiveProfilesUtils - Could not find an 'annotation declaring class' for annotation type [org.springframework.test.context.ActiveProfiles] and class [youtube.java.puzzle.springbootapivalidationsecurity.SpringBootApiValidationSecurityApplicationTests]
]]></system-out>
  </testcase>
</testsuite>